{"C:\\Users\\Grygorii Lysytsia\\Documents\\Fox\\RSS\\fantasticfox91-JSFE2022Q1\\online-store\\src\\scripts\\utils.ts": {"path":"C:\\Users\\Grygorii Lysytsia\\Documents\\Fox\\RSS\\fantasticfox91-JSFE2022Q1\\online-store\\src\\scripts\\utils.ts","statementMap":{"0":{"start":{"line":3,"column":0},"end":{"line":3,"column":null}},"1":{"start":{"line":4,"column":2},"end":{"line":4,"column":null}},"2":{"start":{"line":5,"column":2},"end":{"line":5,"column":null}},"3":{"start":{"line":6,"column":2},"end":{"line":6,"column":null}},"4":{"start":{"line":7,"column":2},"end":{"line":7,"column":null}},"5":{"start":{"line":150,"column":2},"end":{"line":150,"column":16}},"6":{"start":{"line":10,"column":0},"end":{"line":10,"column":null}},"7":{"start":{"line":11,"column":2},"end":{"line":11,"column":null}},"8":{"start":{"line":12,"column":2},"end":{"line":12,"column":null}},"9":{"start":{"line":13,"column":2},"end":{"line":13,"column":null}},"10":{"start":{"line":14,"column":2},"end":{"line":14,"column":null}},"11":{"start":{"line":138,"column":2},"end":{"line":138,"column":10}},"12":{"start":{"line":17,"column":23},"end":{"line":22,"column":2}},"13":{"start":{"line":139,"column":2},"end":{"line":139,"column":16}},"14":{"start":{"line":24,"column":24},"end":{"line":29,"column":2}},"15":{"start":{"line":25,"column":41},"end":{"line":25,"column":46}},"16":{"start":{"line":26,"column":44},"end":{"line":26,"column":97}},"17":{"start":{"line":26,"column":75},"end":{"line":26,"column":96}},"18":{"start":{"line":27,"column":43},"end":{"line":27,"column":95}},"19":{"start":{"line":27,"column":74},"end":{"line":27,"column":94}},"20":{"start":{"line":28,"column":42},"end":{"line":28,"column":93}},"21":{"start":{"line":28,"column":73},"end":{"line":28,"column":92}},"22":{"start":{"line":140,"column":2},"end":{"line":140,"column":17}},"23":{"start":{"line":36,"column":15},"end":{"line":42,"column":1}},"24":{"start":{"line":41,"column":2},"end":{"line":41,"column":60}},"25":{"start":{"line":131,"column":2},"end":{"line":131,"column":8}},"26":{"start":{"line":44,"column":16},"end":{"line":55,"column":1}},"27":{"start":{"line":45,"column":21},"end":{"line":45,"column":41}},"28":{"start":{"line":46,"column":21},"end":{"line":46,"column":41}},"29":{"start":{"line":48,"column":17},"end":{"line":48,"column":41}},"30":{"start":{"line":50,"column":2},"end":{"line":52,"column":null}},"31":{"start":{"line":51,"column":4},"end":{"line":51,"column":52}},"32":{"start":{"line":54,"column":2},"end":{"line":54,"column":46}},"33":{"start":{"line":132,"column":2},"end":{"line":132,"column":9}},"34":{"start":{"line":57,"column":15},"end":{"line":66,"column":1}},"35":{"start":{"line":58,"column":2},"end":{"line":60,"column":null}},"36":{"start":{"line":59,"column":4},"end":{"line":59,"column":11}},"37":{"start":{"line":62,"column":2},"end":{"line":62,"column":29}},"38":{"start":{"line":63,"column":2},"end":{"line":65,"column":null}},"39":{"start":{"line":64,"column":4},"end":{"line":64,"column":30}},"40":{"start":{"line":133,"column":2},"end":{"line":133,"column":8}},"41":{"start":{"line":68,"column":22},"end":{"line":73,"column":1}},"42":{"start":{"line":69,"column":21},"end":{"line":69,"column":50}},"43":{"start":{"line":70,"column":2},"end":{"line":70,"column":34}},"44":{"start":{"line":71,"column":26},"end":{"line":71,"column":54}},"45":{"start":{"line":72,"column":2},"end":{"line":72,"column":16}},"46":{"start":{"line":134,"column":2},"end":{"line":134,"column":15}},"47":{"start":{"line":75,"column":20},"end":{"line":75,"column":75}},"48":{"start":{"line":75,"column":50},"end":{"line":75,"column":75}},"49":{"start":{"line":135,"column":2},"end":{"line":135,"column":13}},"50":{"start":{"line":77,"column":22},"end":{"line":77,"column":77}},"51":{"start":{"line":77,"column":52},"end":{"line":77,"column":77}},"52":{"start":{"line":136,"column":2},"end":{"line":136,"column":15}},"53":{"start":{"line":79,"column":24},"end":{"line":79,"column":89}},"54":{"start":{"line":79,"column":54},"end":{"line":79,"column":89}},"55":{"start":{"line":137,"column":2},"end":{"line":137,"column":17}},"56":{"start":{"line":81,"column":22},"end":{"line":87,"column":1}},"57":{"start":{"line":82,"column":2},"end":{"line":84,"column":null}},"58":{"start":{"line":83,"column":4},"end":{"line":83,"column":17}},"59":{"start":{"line":85,"column":23},"end":{"line":85,"column":41}},"60":{"start":{"line":86,"column":2},"end":{"line":86,"column":71}},"61":{"start":{"line":86,"column":39},"end":{"line":86,"column":69}},"62":{"start":{"line":141,"column":2},"end":{"line":141,"column":15}},"63":{"start":{"line":89,"column":20},"end":{"line":91,"column":1}},"64":{"start":{"line":90,"column":2},"end":{"line":90,"column":67}},"65":{"start":{"line":90,"column":37},"end":{"line":90,"column":65}},"66":{"start":{"line":142,"column":2},"end":{"line":142,"column":13}},"67":{"start":{"line":93,"column":21},"end":{"line":99,"column":1}},"68":{"start":{"line":94,"column":2},"end":{"line":96,"column":null}},"69":{"start":{"line":95,"column":4},"end":{"line":95,"column":17}},"70":{"start":{"line":97,"column":22},"end":{"line":97,"column":35}},"71":{"start":{"line":98,"column":2},"end":{"line":98,"column":78}},"72":{"start":{"line":98,"column":36},"end":{"line":98,"column":76}},"73":{"start":{"line":143,"column":2},"end":{"line":143,"column":14}},"74":{"start":{"line":101,"column":19},"end":{"line":103,"column":1}},"75":{"start":{"line":102,"column":2},"end":{"line":102,"column":64}},"76":{"start":{"line":102,"column":36},"end":{"line":102,"column":62}},"77":{"start":{"line":144,"column":2},"end":{"line":144,"column":12}},"78":{"start":{"line":105,"column":21},"end":{"line":111,"column":1}},"79":{"start":{"line":106,"column":2},"end":{"line":108,"column":null}},"80":{"start":{"line":107,"column":4},"end":{"line":107,"column":17}},"81":{"start":{"line":109,"column":23},"end":{"line":109,"column":41}},"82":{"start":{"line":110,"column":2},"end":{"line":110,"column":69}},"83":{"start":{"line":110,"column":38},"end":{"line":110,"column":67}},"84":{"start":{"line":145,"column":2},"end":{"line":145,"column":14}},"85":{"start":{"line":113,"column":22},"end":{"line":119,"column":1}},"86":{"start":{"line":114,"column":2},"end":{"line":116,"column":null}},"87":{"start":{"line":115,"column":4},"end":{"line":115,"column":17}},"88":{"start":{"line":117,"column":23},"end":{"line":117,"column":41}},"89":{"start":{"line":118,"column":2},"end":{"line":118,"column":71}},"90":{"start":{"line":118,"column":39},"end":{"line":118,"column":69}},"91":{"start":{"line":146,"column":2},"end":{"line":146,"column":15}},"92":{"start":{"line":121,"column":22},"end":{"line":122,"column":61}},"93":{"start":{"line":122,"column":2},"end":{"line":122,"column":61}},"94":{"start":{"line":122,"column":45},"end":{"line":122,"column":52}},"95":{"start":{"line":147,"column":2},"end":{"line":147,"column":15}},"96":{"start":{"line":124,"column":18},"end":{"line":125,"column":61}},"97":{"start":{"line":125,"column":2},"end":{"line":125,"column":61}},"98":{"start":{"line":125,"column":45},"end":{"line":125,"column":52}},"99":{"start":{"line":148,"column":2},"end":{"line":148,"column":11}},"100":{"start":{"line":127,"column":22},"end":{"line":128,"column":61}},"101":{"start":{"line":128,"column":2},"end":{"line":128,"column":61}},"102":{"start":{"line":128,"column":45},"end":{"line":128,"column":52}},"103":{"start":{"line":149,"column":2},"end":{"line":149,"column":15}}},"fnMap":{"0":{"name":"(anonymous_0)","decl":{"start":{"line":3,"column":0},"end":{"line":3,"column":5}},"loc":{"start":{"line":3,"column":19},"end":{"line":8,"column":1}}},"1":{"name":"(anonymous_1)","decl":{"start":{"line":10,"column":0},"end":{"line":10,"column":5}},"loc":{"start":{"line":10,"column":13},"end":{"line":15,"column":1}}},"2":{"name":"(anonymous_2)","decl":{"start":{"line":25,"column":24},"end":{"line":25,"column":25}},"loc":{"start":{"line":25,"column":41},"end":{"line":25,"column":46}}},"3":{"name":"(anonymous_3)","decl":{"start":{"line":26,"column":27},"end":{"line":26,"column":28}},"loc":{"start":{"line":26,"column":44},"end":{"line":26,"column":97}}},"4":{"name":"(anonymous_4)","decl":{"start":{"line":26,"column":57},"end":{"line":26,"column":58}},"loc":{"start":{"line":26,"column":75},"end":{"line":26,"column":96}}},"5":{"name":"(anonymous_5)","decl":{"start":{"line":27,"column":26},"end":{"line":27,"column":27}},"loc":{"start":{"line":27,"column":43},"end":{"line":27,"column":95}}},"6":{"name":"(anonymous_6)","decl":{"start":{"line":27,"column":56},"end":{"line":27,"column":57}},"loc":{"start":{"line":27,"column":74},"end":{"line":27,"column":94}}},"7":{"name":"(anonymous_7)","decl":{"start":{"line":28,"column":25},"end":{"line":28,"column":26}},"loc":{"start":{"line":28,"column":42},"end":{"line":28,"column":93}}},"8":{"name":"(anonymous_8)","decl":{"start":{"line":28,"column":55},"end":{"line":28,"column":56}},"loc":{"start":{"line":28,"column":73},"end":{"line":28,"column":92}}},"9":{"name":"(anonymous_9)","decl":{"start":{"line":36,"column":15},"end":{"line":36,"column":null}},"loc":{"start":{"line":40,"column":4},"end":{"line":42,"column":1}}},"10":{"name":"(anonymous_10)","decl":{"start":{"line":44,"column":16},"end":{"line":44,"column":39}},"loc":{"start":{"line":44,"column":75},"end":{"line":55,"column":1}}},"11":{"name":"(anonymous_11)","decl":{"start":{"line":57,"column":15},"end":{"line":57,"column":38}},"loc":{"start":{"line":57,"column":54},"end":{"line":66,"column":1}}},"12":{"name":"(anonymous_12)","decl":{"start":{"line":68,"column":22},"end":{"line":68,"column":23}},"loc":{"start":{"line":68,"column":52},"end":{"line":73,"column":1}}},"13":{"name":"(anonymous_13)","decl":{"start":{"line":75,"column":20},"end":{"line":75,"column":21}},"loc":{"start":{"line":75,"column":50},"end":{"line":75,"column":75}}},"14":{"name":"(anonymous_14)","decl":{"start":{"line":77,"column":22},"end":{"line":77,"column":23}},"loc":{"start":{"line":77,"column":52},"end":{"line":77,"column":77}}},"15":{"name":"(anonymous_15)","decl":{"start":{"line":79,"column":24},"end":{"line":79,"column":25}},"loc":{"start":{"line":79,"column":54},"end":{"line":79,"column":89}}},"16":{"name":"(anonymous_16)","decl":{"start":{"line":81,"column":22},"end":{"line":81,"column":23}},"loc":{"start":{"line":81,"column":81},"end":{"line":87,"column":1}}},"17":{"name":"(anonymous_17)","decl":{"start":{"line":86,"column":22},"end":{"line":86,"column":23}},"loc":{"start":{"line":86,"column":39},"end":{"line":86,"column":69}}},"18":{"name":"(anonymous_18)","decl":{"start":{"line":89,"column":20},"end":{"line":89,"column":21}},"loc":{"start":{"line":89,"column":64},"end":{"line":91,"column":1}}},"19":{"name":"(anonymous_19)","decl":{"start":{"line":90,"column":22},"end":{"line":90,"column":23}},"loc":{"start":{"line":90,"column":37},"end":{"line":90,"column":65}}},"20":{"name":"(anonymous_20)","decl":{"start":{"line":93,"column":21},"end":{"line":93,"column":22}},"loc":{"start":{"line":93,"column":61},"end":{"line":99,"column":1}}},"21":{"name":"(anonymous_21)","decl":{"start":{"line":98,"column":22},"end":{"line":98,"column":23}},"loc":{"start":{"line":98,"column":36},"end":{"line":98,"column":76}}},"22":{"name":"(anonymous_22)","decl":{"start":{"line":101,"column":19},"end":{"line":101,"column":20}},"loc":{"start":{"line":101,"column":63},"end":{"line":103,"column":1}}},"23":{"name":"(anonymous_23)","decl":{"start":{"line":102,"column":22},"end":{"line":102,"column":23}},"loc":{"start":{"line":102,"column":36},"end":{"line":102,"column":62}}},"24":{"name":"(anonymous_24)","decl":{"start":{"line":105,"column":21},"end":{"line":105,"column":22}},"loc":{"start":{"line":105,"column":80},"end":{"line":111,"column":1}}},"25":{"name":"(anonymous_25)","decl":{"start":{"line":110,"column":22},"end":{"line":110,"column":23}},"loc":{"start":{"line":110,"column":38},"end":{"line":110,"column":67}}},"26":{"name":"(anonymous_26)","decl":{"start":{"line":113,"column":22},"end":{"line":113,"column":23}},"loc":{"start":{"line":113,"column":81},"end":{"line":119,"column":1}}},"27":{"name":"(anonymous_27)","decl":{"start":{"line":118,"column":22},"end":{"line":118,"column":23}},"loc":{"start":{"line":118,"column":39},"end":{"line":118,"column":69}}},"28":{"name":"(anonymous_28)","decl":{"start":{"line":121,"column":22},"end":{"line":121,"column":23}},"loc":{"start":{"line":122,"column":2},"end":{"line":122,"column":61}}},"29":{"name":"(anonymous_29)","decl":{"start":{"line":122,"column":28},"end":{"line":122,"column":29}},"loc":{"start":{"line":122,"column":45},"end":{"line":122,"column":52}}},"30":{"name":"(anonymous_30)","decl":{"start":{"line":124,"column":18},"end":{"line":124,"column":19}},"loc":{"start":{"line":125,"column":2},"end":{"line":125,"column":61}}},"31":{"name":"(anonymous_31)","decl":{"start":{"line":125,"column":28},"end":{"line":125,"column":29}},"loc":{"start":{"line":125,"column":45},"end":{"line":125,"column":52}}},"32":{"name":"(anonymous_32)","decl":{"start":{"line":127,"column":22},"end":{"line":127,"column":23}},"loc":{"start":{"line":128,"column":2},"end":{"line":128,"column":61}}},"33":{"name":"(anonymous_33)","decl":{"start":{"line":128,"column":28},"end":{"line":128,"column":29}},"loc":{"start":{"line":128,"column":45},"end":{"line":128,"column":52}}}},"branchMap":{"0":{"loc":{"start":{"line":3,"column":5},"end":{"line":3,"column":null}},"type":"binary-expr","locations":[{"start":{"line":3,"column":5},"end":{"line":3,"column":19}},{"start":{"line":3,"column":5},"end":{"line":3,"column":null}}]},"1":{"loc":{"start":{"line":10,"column":5},"end":{"line":10,"column":null}},"type":"binary-expr","locations":[{"start":{"line":10,"column":5},"end":{"line":10,"column":13}},{"start":{"line":10,"column":5},"end":{"line":10,"column":null}}]},"2":{"loc":{"start":{"line":39,"column":2},"end":{"line":39,"column":50}},"type":"default-arg","locations":[{"start":{"line":39,"column":26},"end":{"line":39,"column":50}}]},"3":{"loc":{"start":{"line":50,"column":2},"end":{"line":52,"column":null}},"type":"if","locations":[{"start":{"line":50,"column":2},"end":{"line":52,"column":null}}]},"4":{"loc":{"start":{"line":58,"column":2},"end":{"line":60,"column":null}},"type":"if","locations":[{"start":{"line":58,"column":2},"end":{"line":60,"column":null}}]},"5":{"loc":{"start":{"line":63,"column":2},"end":{"line":65,"column":null}},"type":"if","locations":[{"start":{"line":63,"column":2},"end":{"line":65,"column":null}}]},"6":{"loc":{"start":{"line":82,"column":2},"end":{"line":84,"column":null}},"type":"if","locations":[{"start":{"line":82,"column":2},"end":{"line":84,"column":null}}]},"7":{"loc":{"start":{"line":90,"column":37},"end":{"line":90,"column":65}},"type":"binary-expr","locations":[{"start":{"line":90,"column":37},"end":{"line":90,"column":49}},{"start":{"line":90,"column":53},"end":{"line":90,"column":65}}]},"8":{"loc":{"start":{"line":94,"column":2},"end":{"line":96,"column":null}},"type":"if","locations":[{"start":{"line":94,"column":2},"end":{"line":96,"column":null}}]},"9":{"loc":{"start":{"line":102,"column":36},"end":{"line":102,"column":62}},"type":"binary-expr","locations":[{"start":{"line":102,"column":36},"end":{"line":102,"column":47}},{"start":{"line":102,"column":51},"end":{"line":102,"column":62}}]},"10":{"loc":{"start":{"line":106,"column":2},"end":{"line":108,"column":null}},"type":"if","locations":[{"start":{"line":106,"column":2},"end":{"line":108,"column":null}}]},"11":{"loc":{"start":{"line":114,"column":2},"end":{"line":116,"column":null}},"type":"if","locations":[{"start":{"line":114,"column":2},"end":{"line":116,"column":null}}]},"12":{"loc":{"start":{"line":122,"column":2},"end":{"line":122,"column":61}},"type":"cond-expr","locations":[{"start":{"line":122,"column":15},"end":{"line":122,"column":53}},{"start":{"line":122,"column":56},"end":{"line":122,"column":61}}]},"13":{"loc":{"start":{"line":125,"column":2},"end":{"line":125,"column":61}},"type":"cond-expr","locations":[{"start":{"line":125,"column":15},"end":{"line":125,"column":53}},{"start":{"line":125,"column":56},"end":{"line":125,"column":61}}]},"14":{"loc":{"start":{"line":128,"column":2},"end":{"line":128,"column":61}},"type":"cond-expr","locations":[{"start":{"line":128,"column":15},"end":{"line":128,"column":53}},{"start":{"line":128,"column":56},"end":{"line":128,"column":61}}]}},"s":{"0":1,"1":1,"2":1,"3":1,"4":1,"5":1,"6":1,"7":1,"8":1,"9":1,"10":1,"11":1,"12":1,"13":1,"14":1,"15":0,"16":0,"17":0,"18":0,"19":0,"20":0,"21":0,"22":1,"23":1,"24":0,"25":1,"26":1,"27":0,"28":0,"29":0,"30":0,"31":0,"32":0,"33":1,"34":1,"35":0,"36":0,"37":0,"38":0,"39":0,"40":1,"41":1,"42":0,"43":0,"44":0,"45":0,"46":1,"47":1,"48":1,"49":1,"50":1,"51":1,"52":1,"53":1,"54":1,"55":1,"56":1,"57":2,"58":1,"59":1,"60":1,"61":2,"62":1,"63":1,"64":1,"65":2,"66":1,"67":1,"68":2,"69":1,"70":1,"71":1,"72":2,"73":1,"74":1,"75":1,"76":2,"77":1,"78":1,"79":2,"80":1,"81":1,"82":1,"83":2,"84":1,"85":1,"86":2,"87":1,"88":1,"89":1,"90":2,"91":1,"92":1,"93":1,"94":2,"95":1,"96":1,"97":1,"98":2,"99":1,"100":1,"101":1,"102":2,"103":1},"f":{"0":1,"1":1,"2":0,"3":0,"4":0,"5":0,"6":0,"7":0,"8":0,"9":0,"10":0,"11":0,"12":0,"13":1,"14":1,"15":1,"16":2,"17":2,"18":1,"19":2,"20":2,"21":2,"22":1,"23":2,"24":2,"25":2,"26":2,"27":2,"28":1,"29":2,"30":1,"31":2,"32":1,"33":2},"b":{"0":[1,1],"1":[1,1],"2":[0],"3":[0],"4":[0],"5":[0],"6":[1],"7":[2,2],"8":[1],"9":[2,2],"10":[1],"11":[1],"12":[1,0],"13":[1,0],"14":[1,0]}}
}
