TN:
SF:src\scripts\utils.ts
FN:3,(anonymous_0)
FN:10,(anonymous_1)
FN:25,(anonymous_2)
FN:26,(anonymous_3)
FN:26,(anonymous_4)
FN:27,(anonymous_5)
FN:27,(anonymous_6)
FN:28,(anonymous_7)
FN:28,(anonymous_8)
FN:36,(anonymous_9)
FN:44,(anonymous_10)
FN:57,(anonymous_11)
FN:68,(anonymous_12)
FN:75,(anonymous_13)
FN:77,(anonymous_14)
FN:79,(anonymous_15)
FN:81,(anonymous_16)
FN:86,(anonymous_17)
FN:89,(anonymous_18)
FN:90,(anonymous_19)
FN:93,(anonymous_20)
FN:98,(anonymous_21)
FN:101,(anonymous_22)
FN:102,(anonymous_23)
FN:105,(anonymous_24)
FN:110,(anonymous_25)
FN:113,(anonymous_26)
FN:118,(anonymous_27)
FN:121,(anonymous_28)
FN:122,(anonymous_29)
FN:124,(anonymous_30)
FN:125,(anonymous_31)
FN:127,(anonymous_32)
FN:128,(anonymous_33)
FNF:34
FNH:23
FNDA:1,(anonymous_0)
FNDA:1,(anonymous_1)
FNDA:0,(anonymous_2)
FNDA:0,(anonymous_3)
FNDA:0,(anonymous_4)
FNDA:0,(anonymous_5)
FNDA:0,(anonymous_6)
FNDA:0,(anonymous_7)
FNDA:0,(anonymous_8)
FNDA:0,(anonymous_9)
FNDA:0,(anonymous_10)
FNDA:0,(anonymous_11)
FNDA:0,(anonymous_12)
FNDA:1,(anonymous_13)
FNDA:1,(anonymous_14)
FNDA:1,(anonymous_15)
FNDA:2,(anonymous_16)
FNDA:2,(anonymous_17)
FNDA:1,(anonymous_18)
FNDA:2,(anonymous_19)
FNDA:2,(anonymous_20)
FNDA:2,(anonymous_21)
FNDA:1,(anonymous_22)
FNDA:2,(anonymous_23)
FNDA:2,(anonymous_24)
FNDA:2,(anonymous_25)
FNDA:2,(anonymous_26)
FNDA:2,(anonymous_27)
FNDA:1,(anonymous_28)
FNDA:2,(anonymous_29)
FNDA:1,(anonymous_30)
FNDA:2,(anonymous_31)
FNDA:1,(anonymous_32)
FNDA:2,(anonymous_33)
DA:3,1
DA:4,1
DA:5,1
DA:6,1
DA:7,1
DA:10,1
DA:11,1
DA:12,1
DA:13,1
DA:14,1
DA:17,1
DA:24,1
DA:25,0
DA:26,0
DA:27,0
DA:28,0
DA:36,1
DA:41,0
DA:44,1
DA:45,0
DA:46,0
DA:48,0
DA:50,0
DA:51,0
DA:54,0
DA:57,1
DA:58,0
DA:59,0
DA:62,0
DA:63,0
DA:64,0
DA:68,1
DA:69,0
DA:70,0
DA:71,0
DA:72,0
DA:75,1
DA:77,1
DA:79,1
DA:81,1
DA:82,2
DA:83,1
DA:85,1
DA:86,2
DA:89,1
DA:90,2
DA:93,1
DA:94,2
DA:95,1
DA:97,1
DA:98,2
DA:101,1
DA:102,2
DA:105,1
DA:106,2
DA:107,1
DA:109,1
DA:110,2
DA:113,1
DA:114,2
DA:115,1
DA:117,1
DA:118,2
DA:121,1
DA:122,2
DA:124,1
DA:125,2
DA:127,1
DA:128,2
DA:131,1
DA:132,1
DA:133,1
DA:134,1
DA:135,1
DA:136,1
DA:137,1
DA:138,1
DA:139,1
DA:140,1
DA:141,1
DA:142,1
DA:143,1
DA:144,1
DA:145,1
DA:146,1
DA:147,1
DA:148,1
DA:149,1
DA:150,1
LF:89
LH:69
BRDA:3,0,0,1
BRDA:3,0,1,1
BRDA:10,1,0,1
BRDA:10,1,1,1
BRDA:39,2,0,0
BRDA:50,3,0,0
BRDA:58,4,0,0
BRDA:63,5,0,0
BRDA:82,6,0,1
BRDA:90,7,0,2
BRDA:90,7,1,2
BRDA:94,8,0,1
BRDA:102,9,0,2
BRDA:102,9,1,2
BRDA:106,10,0,1
BRDA:114,11,0,1
BRDA:122,12,0,1
BRDA:122,12,1,0
BRDA:125,13,0,1
BRDA:125,13,1,0
BRDA:128,14,0,1
BRDA:128,14,1,0
BRF:22
BRH:15
end_of_record
